<?xml version="1.0" encoding="UTF-8"?>
<testsuite name="org.supply.simulator.display.assetengine.WeakReferenceEngineTest" tests="2" skipped="0" failures="0" errors="0" timestamp="2018-02-05T04:03:21" hostname="alexputer" time="0.052">
  <properties/>
  <testcase name="testNoCollect" classname="org.supply.simulator.display.assetengine.WeakReferenceEngineTest" time="0.037"/>
  <testcase name="test" classname="org.supply.simulator.display.assetengine.WeakReferenceEngineTest" time="0.015"/>
  <system-out><![CDATA[hello
]]></system-out>
  <system-err><![CDATA[]]></system-err>
</testsuite>
