<?xml version="1.0" encoding="UTF-8"?>
<testsuite name="org.supply.simulator.core.main.ByteFloatConversionTest" tests="1" skipped="0" failures="0" errors="0" timestamp="2018-02-05T04:03:18" hostname="alexputer" time="0.0">
  <properties/>
  <testcase name="testOne" classname="org.supply.simulator.core.main.ByteFloatConversionTest" time="0.0"/>
  <system-out><![CDATA[[14.2, 11.17]
]]></system-out>
  <system-err><![CDATA[]]></system-err>
</testsuite>
