<?xml version="1.0" encoding="UTF-8"?>
<testsuite name="org.supply.simulator.display.renderer.BasicMenuRendererTest" tests="1" skipped="0" failures="0" errors="0" timestamp="2018-02-05T04:03:23" hostname="alexputer" time="0.696">
  <properties/>
  <testcase name="render" classname="org.supply.simulator.display.renderer.BasicMenuRendererTest" time="0.696"/>
  <system-out><![CDATA[2018/02/04 23:03:23.090 INFO org.supply.simulator.display.mock.MockDisplayCore [Test worker] START DISPLAY: MenuRendererTest
2018/02/04 23:03:23.777 INFO org.supply.simulator.display.mock.MockDisplayCore [Test worker] STOP DISPLAY
]]></system-out>
  <system-err><![CDATA[]]></system-err>
</testsuite>
