<?xml version="1.0" encoding="UTF-8"?>
<testsuite name="org.supply.simulator.DummyTest" tests="1" skipped="0" failures="0" errors="0" timestamp="2018-02-05T04:03:25" hostname="alexputer" time="0.14">
  <properties/>
  <testcase name="test" classname="org.supply.simulator.DummyTest" time="0.14"/>
  <system-out><![CDATA[net.sf.ehcache.config.CacheConfiguration@44d8b4ba
]]></system-out>
  <system-err><![CDATA[SLF4J: Failed to load class "org.slf4j.impl.StaticLoggerBinder".
SLF4J: Defaulting to no-operation (NOP) logger implementation
SLF4J: See http://www.slf4j.org/codes.html#StaticLoggerBinder for further details.
]]></system-err>
</testsuite>
