<?xml version="1.0" encoding="UTF-8"?>
<testsuite name="org.supply.simulator.display.renderer.TexturedChunkRendererTest" tests="1" skipped="0" failures="0" errors="0" timestamp="2018-02-05T04:03:23" hostname="alexputer" time="0.62">
  <properties/>
  <testcase name="TexturedChunkRendererTest2" classname="org.supply.simulator.display.renderer.TexturedChunkRendererTest" time="0.62"/>
  <system-out><![CDATA[2018/02/04 23:03:23.787 INFO org.supply.simulator.display.mock.MockDisplayCore [Test worker] START DISPLAY: TexturedChunkRendererTest2
2018/02/04 23:03:24.401 INFO org.supply.simulator.display.mock.MockDisplayCore [Test worker] STOP DISPLAY
]]></system-out>
  <system-err><![CDATA[]]></system-err>
</testsuite>
