<?xml version="1.0" encoding="UTF-8"?>
<testsuite name="org.supply.simulator.core.main.SimulatorJunitTest" tests="1" skipped="0" failures="0" errors="0" timestamp="2018-02-05T04:03:19" hostname="alexputer" time="0.0">
  <properties/>
  <testcase name="test" classname="org.supply.simulator.core.main.SimulatorJunitTest" time="0.0"/>
  <system-out><![CDATA[it's working!!
]]></system-out>
  <system-err><![CDATA[]]></system-err>
</testsuite>
