<?xml version="1.0" encoding="UTF-8"?>
<testsuite name="org.supply.simulator.display.assetengine.BasicTextureEngineTest" tests="1" skipped="0" failures="0" errors="0" timestamp="2018-02-05T04:03:19" hostname="alexputer" time="2.056">
  <properties/>
  <testcase name="TestPlayTexture" classname="org.supply.simulator.display.assetengine.BasicTextureEngineTest" time="2.056"/>
  <system-out><![CDATA[2018/02/04 23:03:19.928 INFO org.supply.simulator.display.mock.MockDisplayCore [Test worker] START DISPLAY: BasicTextureEngineTest
2018/02/04 23:03:21.973 INFO org.supply.simulator.display.mock.MockDisplayCore [Test worker] STOP DISPLAY
]]></system-out>
  <system-err><![CDATA[]]></system-err>
</testsuite>
