<?xml version="1.0" encoding="UTF-8"?>
<testsuite name="org.supply.simulator.executor.impl.basic.BasicDispatchServiceTest" tests="3" skipped="0" failures="0" errors="0" timestamp="2018-02-05T04:03:25" hostname="alexputer" time="0.806">
  <properties/>
  <testcase name="testAddTask" classname="org.supply.simulator.executor.impl.basic.BasicDispatchServiceTest" time="0.402"/>
  <testcase name="testAddTwoTasks" classname="org.supply.simulator.executor.impl.basic.BasicDispatchServiceTest" time="0.403"/>
  <testcase name="testRemoveTask" classname="org.supply.simulator.executor.impl.basic.BasicDispatchServiceTest" time="0.001"/>
  <system-out><![CDATA[Hello world!
Hello world!
Hello world!
Hello world!
Hello world!
Start testAddTwoTasks
Hello world!
Hello brandon!
Hello world!
Hello brandon!
Hello world!
Hello brandon!
Hello world!
Hello brandon!
Hello world!
]]></system-out>
  <system-err><![CDATA[]]></system-err>
</testsuite>
