<?xml version="1.0" encoding="UTF-8"?>
<testsuite name="org.supply.simulator.core.dao.usertype.ChunkPositionTypeBench" tests="5" skipped="0" failures="0" errors="0" timestamp="2018-02-05T04:03:18" hostname="alexputer" time="0.012">
  <properties/>
  <testcase name="bytesToFloatsBufferCode" classname="org.supply.simulator.core.dao.usertype.ChunkPositionTypeBench" time="0.004"/>
  <testcase name="bytesToFloatsBufferCodeUnrollMultiFour" classname="org.supply.simulator.core.dao.usertype.ChunkPositionTypeBench" time="0.003"/>
  <testcase name="bytesToFloatsBufferCodeUnrollCond" classname="org.supply.simulator.core.dao.usertype.ChunkPositionTypeBench" time="0.002"/>
  <testcase name="bytesToFloatsBufferCodeUnrollFour" classname="org.supply.simulator.core.dao.usertype.ChunkPositionTypeBench" time="0.002"/>
  <testcase name="bytesToFloatsBufferCodeUnrollMulti" classname="org.supply.simulator.core.dao.usertype.ChunkPositionTypeBench" time="0.001"/>
  <system-out><![CDATA[]]></system-out>
  <system-err><![CDATA[]]></system-err>
</testsuite>
